# JRE version: OpenJDK Runtime Environment (11.0.12+7) (build 11.0.12+7-b1504.28-7817840)
# Java VM: OpenJDK 64-Bit Server VM (11.0.12+7-b1504.28-7817840, mixed mode, tiered, compressed oops, g1 gc, windows-amd64)
Heap:
 garbage-first heap   total 335872K, used 221406K [0x0000000080000000, 0x0000000100000000)
  region size 1024K, 77 young (78848K), 2 survivors (2048K)
 Metaspace       used 149232K, capacity 154443K, committed 154880K, reserved 1183744K
  class space    used 18345K, capacity 20230K, committed 20480K, reserved 1048576K
GC Heap History (20 events):
Event: 2576.077 GC heap before
{Heap before GC invocations=85 (full 0):
 garbage-first heap   total 335872K, used 179138K [0x0000000080000000, 0x0000000100000000)
  region size 1024K, 16 young (16384K), 10 survivors (10240K)
 Metaspace       used 146838K, capacity 151130K, committed 154112K, reserved 1183744K
  class space    used 18038K, capacity 19674K, committed 20480K, reserved 1048576K
}
Event: 2576.095 GC heap after
{Heap after GC invocations=86 (full 0):
 garbage-first heap   total 335872K, used 161419K [0x0000000080000000, 0x0000000100000000)
  region size 1024K, 2 young (2048K), 2 survivors (2048K)
 Metaspace       used 146838K, capacity 151130K, committed 154112K, reserved 1183744K
  class space    used 18038K, capacity 19674K, committed 20480K, reserved 1048576K
}
Event: 2576.374 GC heap before
{Heap before GC invocations=86 (full 0):
 garbage-first heap   total 335872K, used 193163K [0x0000000080000000, 0x0000000100000000)
  region size 1024K, 34 young (34816K), 2 survivors (2048K)
 Metaspace       used 146985K, capacity 151267K, committed 154112K, reserved 1183744K
  class space    used 18038K, capacity 19674K, committed 20480K, reserved 1048576K
}
Event: 2576.384 GC heap after
{Heap after GC invocations=87 (full 0):
 garbage-first heap   total 335872K, used 164035K [0x0000000080000000, 0x0000000100000000)
  region size 1024K, 5 young (5120K), 5 survivors (5120K)
 Metaspace       used 146985K, capacity 151267K, committed 154112K, reserved 1183744K
  class space    used 18038K, capacity 19674K, committed 20480K, reserved 1048576K
}
Event: 2594.800 GC heap before
{Heap before GC invocations=88 (full 0):
 garbage-first heap   total 335872K, used 233667K [0x0000000080000000, 0x0000000100000000)
  region size 1024K, 71 young (72704K), 5 survivors (5120K)
 Metaspace       used 147099K, capacity 151352K, committed 154112K, reserved 1183744K
  class space    used 18040K, capacity 19677K, committed 20480K, reserved 1048576K
}
Event: 2594.809 GC heap after
{Heap after GC invocations=89 (full 0):
 garbage-first heap   total 335872K, used 170588K [0x0000000080000000, 0x0000000100000000)
  region size 1024K, 9 young (9216K), 9 survivors (9216K)
 Metaspace       used 147099K, capacity 151352K, committed 154112K, reserved 1183744K
  class space    used 18040K, capacity 19677K, committed 20480K, reserved 1048576K
}
Event: 2594.818 GC heap before
{Heap before GC invocations=89 (full 0):
 garbage-first heap   total 335872K, used 176732K [0x0000000080000000, 0x0000000100000000)
  region size 1024K, 16 young (16384K), 9 survivors (9216K)
 Metaspace       used 147099K, capacity 151352K, committed 154112K, reserved 1183744K
  class space    used 18040K, capacity 19677K, committed 20480K, reserved 1048576K
}
Event: 2594.830 GC heap after
{Heap after GC invocations=90 (full 0):
 garbage-first heap   total 335872K, used 156424K [0x0000000080000000, 0x0000000100000000)
  region size 1024K, 2 young (2048K), 2 survivors (2048K)
 Metaspace       used 147099K, capacity 151352K, committed 154112K, reserved 1183744K
  class space    used 18040K, capacity 19677K, committed 20480K, reserved 1048576K
}
Event: 2594.900 GC heap before
{Heap before GC invocations=90 (full 0):
 garbage-first heap   total 335872K, used 172808K [0x0000000080000000, 0x0000000100000000)
  region size 1024K, 20 young (20480K), 2 survivors (2048K)
 Metaspace       used 147105K, capacity 151352K, committed 154112K, reserved 1183744K
  class space    used 18040K, capacity 19677K, committed 20480K, reserved 1048576K
}
Event: 2594.905 GC heap after
{Heap after GC invocations=91 (full 0):
 garbage-first heap   total 335872K, used 156527K [0x0000000080000000, 0x0000000100000000)
  region size 1024K, 3 young (3072K), 3 survivors (3072K)
 Metaspace       used 147105K, capacity 151352K, committed 154112K, reserved 1183744K
  class space    used 18040K, capacity 19677K, committed 20480K, reserved 1048576K
}
Event: 2638.841 GC heap before
{Heap before GC invocations=92 (full 0):
 garbage-first heap   total 335872K, used 244591K [0x0000000080000000, 0x0000000100000000)
  region size 1024K, 74 young (75776K), 3 survivors (3072K)
 Metaspace       used 147229K, capacity 151483K, committed 154112K, reserved 1183744K
  class space    used 18040K, capacity 19677K, committed 20480K, reserved 1048576K
}
Event: 2638.852 GC heap after
{Heap after GC invocations=93 (full 0):
 garbage-first heap   total 335872K, used 168367K [0x0000000080000000, 0x0000000100000000)
  region size 1024K, 10 young (10240K), 10 survivors (10240K)
 Metaspace       used 147229K, capacity 151483K, committed 154112K, reserved 1183744K
  class space    used 18040K, capacity 19677K, committed 20480K, reserved 1048576K
}
Event: 2638.897 GC heap before
{Heap before GC invocations=93 (full 0):
 garbage-first heap   total 335872K, used 174511K [0x0000000080000000, 0x0000000100000000)
  region size 1024K, 16 young (16384K), 10 survivors (10240K)
 Metaspace       used 147260K, capacity 151486K, committed 154112K, reserved 1183744K
  class space    used 18040K, capacity 19677K, committed 20480K, reserved 1048576K
}
Event: 2638.914 GC heap after
{Heap after GC invocations=94 (full 0):
 garbage-first heap   total 335872K, used 156873K [0x0000000080000000, 0x0000000100000000)
  region size 1024K, 2 young (2048K), 2 survivors (2048K)
 Metaspace       used 147260K, capacity 151486K, committed 154112K, reserved 1183744K
  class space    used 18040K, capacity 19677K, committed 20480K, reserved 1048576K
}
Event: 2639.133 GC heap before
{Heap before GC invocations=94 (full 0):
 garbage-first heap   total 335872K, used 183497K [0x0000000080000000, 0x0000000100000000)
  region size 1024K, 29 young (29696K), 2 survivors (2048K)
 Metaspace       used 147361K, capacity 151631K, committed 154112K, reserved 1183744K
  class space    used 18042K, capacity 19679K, committed 20480K, reserved 1048576K
}
Event: 2639.142 GC heap after
{Heap after GC invocations=95 (full 0):
 garbage-first heap   total 335872K, used 158034K [0x0000000080000000, 0x0000000100000000)
  region size 1024K, 4 young (4096K), 4 survivors (4096K)
 Metaspace       used 147361K, capacity 151631K, committed 154112K, reserved 1183744K
  class space    used 18042K, capacity 19679K, committed 20480K, reserved 1048576K
}
Event: 2666.948 GC heap before
{Heap before GC invocations=96 (full 0):
 garbage-first heap   total 335872K, used 229714K [0x0000000080000000, 0x0000000100000000)
  region size 1024K, 73 young (74752K), 4 survivors (4096K)
 Metaspace       used 147728K, capacity 152140K, committed 154112K, reserved 1183744K
  class space    used 18086K, capacity 19750K, committed 20480K, reserved 1048576K
}
Event: 2666.953 GC heap after
{Heap after GC invocations=97 (full 0):
 garbage-first heap   total 335872K, used 156328K [0x0000000080000000, 0x0000000100000000)
  region size 1024K, 5 young (5120K), 5 survivors (5120K)
 Metaspace       used 147728K, capacity 152140K, committed 154112K, reserved 1183744K
  class space    used 18086K, capacity 19750K, committed 20480K, reserved 1048576K
}
Event: 2667.014 GC heap before
{Heap before GC invocations=97 (full 0):
 garbage-first heap   total 335872K, used 166568K [0x0000000080000000, 0x0000000100000000)
  region size 1024K, 16 young (16384K), 5 survivors (5120K)
 Metaspace       used 147742K, capacity 152149K, committed 154112K, reserved 1183744K
  class space    used 18087K, capacity 19752K, committed 20480K, reserved 1048576K
}
Event: 2667.028 GC heap after
{Heap after GC invocations=98 (full 0):
 garbage-first heap   total 335872K, used 146654K [0x0000000080000000, 0x0000000100000000)
  region size 1024K, 2 young (2048K), 2 survivors (2048K)
 Metaspace       used 147742K, capacity 152149K, committed 154112K, reserved 1183744K
  class space    used 18087K, capacity 19752K, committed 20480K, reserved 1048576K
}

